[2019-04-01 18:19:51,877] DEBUG preRegister called. Server=com.sun.jmx.mbeanserver.JmxMBeanServer@66d3c617, name=log4j:logger=state.change.logger (state.change.logger)
[2019-04-01 18:20:32,989] TRACE Controller 0 epoch 2 started leader election for partition [twitterStream,0] (state.change.logger)
[2019-04-01 18:20:33,021] ERROR Controller 0 epoch 2 initiated state change for partition [twitterStream,0] from OfflinePartition to OnlinePartition failed (state.change.logger)
kafka.common.NoReplicaOnlineException: No replica for partition [twitterStream,0] is alive. Live brokers are: [Set()], Assigned replicas are: [List(0)]
	at kafka.controller.OfflinePartitionLeaderSelector.selectLeader(PartitionLeaderSelector.scala:75)
	at kafka.controller.PartitionStateMachine.electLeaderForPartition(PartitionStateMachine.scala:345)
	at kafka.controller.PartitionStateMachine.kafka$controller$PartitionStateMachine$$handleStateChange(PartitionStateMachine.scala:205)
	at kafka.controller.PartitionStateMachine$$anonfun$triggerOnlinePartitionStateChange$3.apply(PartitionStateMachine.scala:120)
	at kafka.controller.PartitionStateMachine$$anonfun$triggerOnlinePartitionStateChange$3.apply(PartitionStateMachine.scala:117)
	at scala.collection.TraversableLike$WithFilter$$anonfun$foreach$1.apply(TraversableLike.scala:772)
	at scala.collection.mutable.HashMap$$anonfun$foreach$1.apply(HashMap.scala:98)
	at scala.collection.mutable.HashMap$$anonfun$foreach$1.apply(HashMap.scala:98)
	at scala.collection.mutable.HashTable$class.foreachEntry(HashTable.scala:226)
	at scala.collection.mutable.HashMap.foreachEntry(HashMap.scala:39)
	at scala.collection.mutable.HashMap.foreach(HashMap.scala:98)
	at scala.collection.TraversableLike$WithFilter.foreach(TraversableLike.scala:771)
	at kafka.controller.PartitionStateMachine.triggerOnlinePartitionStateChange(PartitionStateMachine.scala:117)
	at kafka.controller.PartitionStateMachine.startup(PartitionStateMachine.scala:70)
	at kafka.controller.KafkaController.onControllerFailover(KafkaController.scala:335)
	at kafka.controller.KafkaController$$anonfun$1.apply$mcV$sp(KafkaController.scala:166)
	at kafka.server.ZookeeperLeaderElector.elect(ZookeeperLeaderElector.scala:84)
	at kafka.server.ZookeeperLeaderElector$$anonfun$startup$1.apply$mcZ$sp(ZookeeperLeaderElector.scala:50)
	at kafka.server.ZookeeperLeaderElector$$anonfun$startup$1.apply(ZookeeperLeaderElector.scala:48)
	at kafka.server.ZookeeperLeaderElector$$anonfun$startup$1.apply(ZookeeperLeaderElector.scala:48)
	at kafka.utils.CoreUtils$.inLock(CoreUtils.scala:231)
	at kafka.server.ZookeeperLeaderElector.startup(ZookeeperLeaderElector.scala:48)
	at kafka.controller.KafkaController$$anonfun$startup$1.apply$mcV$sp(KafkaController.scala:684)
	at kafka.controller.KafkaController$$anonfun$startup$1.apply(KafkaController.scala:680)
	at kafka.controller.KafkaController$$anonfun$startup$1.apply(KafkaController.scala:680)
	at kafka.utils.CoreUtils$.inLock(CoreUtils.scala:231)
	at kafka.controller.KafkaController.startup(KafkaController.scala:680)
	at kafka.server.KafkaServer.startup(KafkaServer.scala:200)
	at kafka.server.KafkaServerStartable.startup(KafkaServerStartable.scala:37)
	at kafka.Kafka$.main(Kafka.scala:67)
	at kafka.Kafka.main(Kafka.scala)
[2019-04-01 18:20:33,243] TRACE Controller 0 epoch 2 sending UpdateMetadata request (Leader:0,ISR:0,LeaderEpoch:0,ControllerEpoch:1) to broker 0 for partition twitterStream-0 (state.change.logger)
[2019-04-01 18:20:33,285] TRACE Controller 0 epoch 2 changed state of replica 0 for partition [twitterStream,0] from ReplicaDeletionIneligible to OnlineReplica (state.change.logger)
[2019-04-01 18:20:33,287] TRACE Controller 0 epoch 2 sending become-leader LeaderAndIsr request (Leader:0,ISR:0,LeaderEpoch:0,ControllerEpoch:1) to broker 0 for partition [twitterStream,0] (state.change.logger)
[2019-04-01 18:20:33,291] TRACE Controller 0 epoch 2 sending UpdateMetadata request (Leader:0,ISR:0,LeaderEpoch:0,ControllerEpoch:1) to broker 0 for partition twitterStream-0 (state.change.logger)
[2019-04-01 18:20:33,292] TRACE Controller 0 epoch 2 started leader election for partition [twitterStream,0] (state.change.logger)
[2019-04-01 18:20:33,312] TRACE Controller 0 epoch 2 elected leader 0 for Offline partition [twitterStream,0] (state.change.logger)
[2019-04-01 18:20:33,316] TRACE Controller 0 epoch 2 changed partition [twitterStream,0] from OfflinePartition to OnlinePartition with leader 0 (state.change.logger)
[2019-04-01 18:20:33,316] TRACE Controller 0 epoch 2 sending become-leader LeaderAndIsr request (Leader:0,ISR:0,LeaderEpoch:1,ControllerEpoch:2) to broker 0 for partition [twitterStream,0] (state.change.logger)
[2019-04-01 18:20:33,321] TRACE Controller 0 epoch 2 sending UpdateMetadata request (Leader:0,ISR:0,LeaderEpoch:1,ControllerEpoch:2) to broker 0 for partition twitterStream-0 (state.change.logger)
[2019-04-01 18:20:33,323] TRACE Broker 0 cached leader info (LeaderAndIsrInfo:(Leader:0,ISR:0,LeaderEpoch:0,ControllerEpoch:1),ReplicationFactor:1),AllReplicas:0) for partition twitterStream-0 in response to UpdateMetadata request sent by controller 0 epoch 2 with correlation id 0 (state.change.logger)
[2019-04-01 18:20:33,329] TRACE Controller 0 epoch 2 received response {error_code=0} for a request sent to broker around-gce-es.us-west2-a.c.aroundsqoscarli.internal:9092 (id: 0 rack: null) (state.change.logger)
[2019-04-01 18:20:33,420] TRACE Broker 0 received LeaderAndIsr request PartitionState(controllerEpoch=1, leader=0, leaderEpoch=0, isr=[0], zkVersion=0, replicas=[0]) correlation id 1 from controller 0 epoch 2 for partition [twitterStream,0] (state.change.logger)
[2019-04-01 18:20:33,431] TRACE Broker 0 handling LeaderAndIsr request correlationId 1 from controller 0 epoch 2 starting the become-leader transition for partition [twitterStream,0] (state.change.logger)
[2019-04-01 18:20:33,490] TRACE Broker 0 stopped fetchers as part of become-leader request from controller 0 epoch 2 with correlation id 1 for partition [twitterStream,0] (state.change.logger)
[2019-04-01 18:20:33,491] TRACE Broker 0 completed LeaderAndIsr request correlationId 1 from controller 0 epoch 2 for the become-leader transition for partition [twitterStream,0] (state.change.logger)
[2019-04-01 18:20:33,518] TRACE Controller 0 epoch 2 received response {error_code=0,partitions=[{topic=twitterStream,partition=0,error_code=0}]} for a request sent to broker around-gce-es.us-west2-a.c.aroundsqoscarli.internal:9092 (id: 0 rack: null) (state.change.logger)
[2019-04-01 18:20:33,521] TRACE Broker 0 cached leader info (LeaderAndIsrInfo:(Leader:0,ISR:0,LeaderEpoch:0,ControllerEpoch:1),ReplicationFactor:1),AllReplicas:0) for partition twitterStream-0 in response to UpdateMetadata request sent by controller 0 epoch 2 with correlation id 2 (state.change.logger)
[2019-04-01 18:20:33,523] TRACE Controller 0 epoch 2 received response {error_code=0} for a request sent to broker around-gce-es.us-west2-a.c.aroundsqoscarli.internal:9092 (id: 0 rack: null) (state.change.logger)
[2019-04-01 18:20:33,524] TRACE Broker 0 received LeaderAndIsr request PartitionState(controllerEpoch=2, leader=0, leaderEpoch=1, isr=[0], zkVersion=1, replicas=[0]) correlation id 3 from controller 0 epoch 2 for partition [twitterStream,0] (state.change.logger)
[2019-04-01 18:20:33,525] TRACE Broker 0 handling LeaderAndIsr request correlationId 3 from controller 0 epoch 2 starting the become-leader transition for partition [twitterStream,0] (state.change.logger)
[2019-04-01 18:20:33,527] INFO Broker 0 skipped the become-leader state change after marking its partition as leader with correlation id 3 from controller 0 epoch 2 for partition [twitterStream,0] since it is already the leader for the partition. (state.change.logger)
[2019-04-01 18:20:33,527] TRACE Broker 0 completed LeaderAndIsr request correlationId 3 from controller 0 epoch 2 for the become-leader transition for partition [twitterStream,0] (state.change.logger)
[2019-04-01 18:20:33,528] TRACE Controller 0 epoch 2 received response {error_code=0,partitions=[{topic=twitterStream,partition=0,error_code=0}]} for a request sent to broker around-gce-es.us-west2-a.c.aroundsqoscarli.internal:9092 (id: 0 rack: null) (state.change.logger)
[2019-04-01 18:20:33,530] TRACE Broker 0 cached leader info (LeaderAndIsrInfo:(Leader:0,ISR:0,LeaderEpoch:1,ControllerEpoch:2),ReplicationFactor:1),AllReplicas:0) for partition twitterStream-0 in response to UpdateMetadata request sent by controller 0 epoch 2 with correlation id 4 (state.change.logger)
[2019-04-01 18:20:33,534] TRACE Controller 0 epoch 2 received response {error_code=0} for a request sent to broker around-gce-es.us-west2-a.c.aroundsqoscarli.internal:9092 (id: 0 rack: null) (state.change.logger)
